{
  "meta": {
    "format": 2,
    "version": "7.5.0",
    "timestamp": "2024-04-24T19:49:34.201163",
    "branch_coverage": false,
    "show_contexts": false
  },
  "files": {
    "api\\__init__.py": {
      "executed_lines": [0],
      "summary": {
        "covered_lines": 0,
        "num_statements": 0,
        "percent_covered": 100.0,
        "percent_covered_display": "100",
        "missing_lines": 0,
        "excluded_lines": 0
      },
      "missing_lines": [],
      "excluded_lines": []
    },
    "api\\admin.py": {
      "executed_lines": [1, 2, 3, 4, 7, 8, 25, 34, 35, 36, 37, 38, 44, 45],
      "summary": {
        "covered_lines": 14,
        "num_statements": 14,
        "percent_covered": 100.0,
        "percent_covered_display": "100",
        "missing_lines": 0,
        "excluded_lines": 0
      },
      "missing_lines": [],
      "excluded_lines": []
    },
    "api\\apps.py": {
      "executed_lines": [1, 4, 5, 6],
      "summary": {
        "covered_lines": 4,
        "num_statements": 4,
        "percent_covered": 100.0,
        "percent_covered_display": "100",
        "missing_lines": 0,
        "excluded_lines": 0
      },
      "missing_lines": [],
      "excluded_lines": []
    },
    "api\\migrations\\0001_initial.py": {
      "executed_lines": [3, 4, 5, 6, 9, 11, 13, 17],
      "summary": {
        "covered_lines": 8,
        "num_statements": 8,
        "percent_covered": 100.0,
        "percent_covered_display": "100",
        "missing_lines": 0,
        "excluded_lines": 0
      },
      "missing_lines": [],
      "excluded_lines": []
    },
    "api\\migrations\\__init__.py": {
      "executed_lines": [0],
      "summary": {
        "covered_lines": 0,
        "num_statements": 0,
        "percent_covered": 100.0,
        "percent_covered_display": "100",
        "missing_lines": 0,
        "excluded_lines": 0
      },
      "missing_lines": [],
      "excluded_lines": []
    },
    "api\\models.py": {
      "executed_lines": [
        1, 2, 3, 4, 7, 8, 13, 17, 19, 20, 21, 22, 23, 25, 29, 30, 31, 33, 35,
        37, 40, 42, 43, 44, 45, 47, 49, 53, 54, 55, 56, 57, 58
      ],
      "summary": {
        "covered_lines": 32,
        "num_statements": 36,
        "percent_covered": 88.88888888888889,
        "percent_covered_display": "89",
        "missing_lines": 4,
        "excluded_lines": 0
      },
      "missing_lines": [18, 34, 36, 50],
      "excluded_lines": []
    },
    "api\\serializers.py": {
      "executed_lines": [
        1, 2, 3, 4, 5, 11, 12, 17, 18, 21, 22, 23, 24, 27, 28, 33, 39, 45, 46,
        47, 55, 64, 65, 66, 68, 70, 79, 80, 81, 82
      ],
      "summary": {
        "covered_lines": 30,
        "num_statements": 31,
        "percent_covered": 96.7741935483871,
        "percent_covered_display": "97",
        "missing_lines": 1,
        "excluded_lines": 0
      },
      "missing_lines": [71],
      "excluded_lines": []
    },
    "api\\tests\\__init__.py": {
      "executed_lines": [0],
      "summary": {
        "covered_lines": 0,
        "num_statements": 0,
        "percent_covered": 100.0,
        "percent_covered_display": "100",
        "missing_lines": 0,
        "excluded_lines": 0
      },
      "missing_lines": [],
      "excluded_lines": []
    },
    "api\\tests\\test_models.py": {
      "executed_lines": [
        1, 2, 4, 5, 8, 9, 13, 14, 17, 18, 19, 20, 21, 23, 27, 28, 31, 32, 33,
        34, 35, 38, 39, 43, 46, 48, 52, 55, 56, 58, 62, 65, 66, 67, 68, 70, 74,
        77, 78, 79, 82, 83, 87, 90, 93, 95, 99, 102, 105, 106, 108, 112, 115,
        118, 119, 120, 121, 123, 127, 130, 133, 134, 135
      ],
      "summary": {
        "covered_lines": 63,
        "num_statements": 63,
        "percent_covered": 100.0,
        "percent_covered_display": "100",
        "missing_lines": 0,
        "excluded_lines": 0
      },
      "missing_lines": [],
      "excluded_lines": []
    },
    "api\\tests\\test_serializers.py": {
      "executed_lines": [
        1, 2, 3, 4, 7, 8, 12, 13, 14, 15, 16, 18, 22, 25, 26, 28, 32, 35, 36,
        37, 38, 39, 41, 45, 48, 49, 50, 51, 54, 55, 56, 62, 63, 65, 66, 72, 73,
        74, 76, 77, 78, 84, 85, 86, 89, 90, 94, 97, 98, 99, 100, 101, 103, 107,
        110, 111, 112, 114, 118, 121, 122, 123, 124, 125, 126, 128, 132, 135,
        136, 137, 138, 139
      ],
      "summary": {
        "covered_lines": 72,
        "num_statements": 72,
        "percent_covered": 100.0,
        "percent_covered_display": "100",
        "missing_lines": 0,
        "excluded_lines": 0
      },
      "missing_lines": [],
      "excluded_lines": []
    },
    "api\\urls.py": {
      "executed_lines": [1, 2, 3, 5, 16, 18, 20, 21, 22, 24, 32],
      "summary": {
        "covered_lines": 11,
        "num_statements": 11,
        "percent_covered": 100.0,
        "percent_covered_display": "100",
        "missing_lines": 0,
        "excluded_lines": 0
      },
      "missing_lines": [],
      "excluded_lines": []
    },
    "api\\views.py": {
      "executed_lines": [
        1, 2, 3, 4, 5, 7, 8, 14, 15, 18, 19, 22, 23, 26, 27, 30, 31, 34, 35, 36,
        39, 40, 43, 44, 45, 46, 49, 50, 51, 52
      ],
      "summary": {
        "covered_lines": 30,
        "num_statements": 30,
        "percent_covered": 100.0,
        "percent_covered_display": "100",
        "missing_lines": 0,
        "excluded_lines": 0
      },
      "missing_lines": [],
      "excluded_lines": []
    },
    "backend\\__init__.py": {
      "executed_lines": [0],
      "summary": {
        "covered_lines": 0,
        "num_statements": 0,
        "percent_covered": 100.0,
        "percent_covered_display": "100",
        "missing_lines": 0,
        "excluded_lines": 0
      },
      "missing_lines": [],
      "excluded_lines": []
    },
    "backend\\permissions.py": {
      "executed_lines": [1, 2, 5, 6, 14, 15, 23, 24, 31],
      "summary": {
        "covered_lines": 9,
        "num_statements": 29,
        "percent_covered": 31.03448275862069,
        "percent_covered_display": "31",
        "missing_lines": 20,
        "excluded_lines": 0
      },
      "missing_lines": [
        7, 8, 9, 10, 11, 16, 17, 18, 19, 20, 25, 26, 27, 28, 29, 32, 33, 34, 35,
        36
      ],
      "excluded_lines": []
    },
    "backend\\settings.py": {
      "executed_lines": [
        1, 13, 14, 17, 24, 27, 29, 30, 31, 35, 57, 69, 71, 87, 93, 104, 105,
        110, 111, 112, 113, 114, 115, 116, 118, 124, 132, 151, 153, 155, 157,
        164, 170, 171, 173, 174, 179
      ],
      "summary": {
        "covered_lines": 36,
        "num_statements": 36,
        "percent_covered": 100.0,
        "percent_covered_display": "100",
        "missing_lines": 0,
        "excluded_lines": 0
      },
      "missing_lines": [],
      "excluded_lines": []
    },
    "backend\\urls.py": {
      "executed_lines": [1, 18, 19, 20, 21, 23, 29, 30],
      "summary": {
        "covered_lines": 7,
        "num_statements": 7,
        "percent_covered": 100.0,
        "percent_covered_display": "100",
        "missing_lines": 0,
        "excluded_lines": 0
      },
      "missing_lines": [],
      "excluded_lines": []
    },
    "manage.py": {
      "executed_lines": [2, 3, 4, 7, 9, 10, 11, 18, 21, 22],
      "summary": {
        "covered_lines": 10,
        "num_statements": 12,
        "percent_covered": 83.33333333333333,
        "percent_covered_display": "83",
        "missing_lines": 2,
        "excluded_lines": 0
      },
      "missing_lines": [12, 13],
      "excluded_lines": []
    }
  },
  "totals": {
    "covered_lines": 326,
    "num_statements": 353,
    "percent_covered": 92.35127478753542,
    "percent_covered_display": "92",
    "missing_lines": 27,
    "excluded_lines": 0
  }
}
