{
  "meta": {
    "format": 2,
    "version": "7.5.0",
    "timestamp": "2024-04-25T15:11:29.482922",
    "branch_coverage": false,
    "show_contexts": false
  },
  "files": {
    "api\\__init__.py": {
      "executed_lines": [0],
      "summary": {
        "covered_lines": 0,
        "num_statements": 0,
        "percent_covered": 100.0,
        "percent_covered_display": "100",
        "missing_lines": 0,
        "excluded_lines": 0
      },
      "missing_lines": [],
      "excluded_lines": []
    },
    "api\\admin.py": {
      "executed_lines": [1, 2, 3, 4, 7, 8, 25, 34, 35, 36, 37, 38, 44, 45],
      "summary": {
        "covered_lines": 14,
        "num_statements": 14,
        "percent_covered": 100.0,
        "percent_covered_display": "100",
        "missing_lines": 0,
        "excluded_lines": 0
      },
      "missing_lines": [],
      "excluded_lines": []
    },
    "api\\apps.py": {
      "executed_lines": [1, 4, 5, 6, 8, 9],
      "summary": {
        "covered_lines": 6,
        "num_statements": 6,
        "percent_covered": 100.0,
        "percent_covered_display": "100",
        "missing_lines": 0,
        "excluded_lines": 0
      },
      "missing_lines": [],
      "excluded_lines": []
    },
    "api\\migrations\\0001_initial.py": {
      "executed_lines": [3, 4, 5, 6, 9, 11, 13, 17],
      "summary": {
        "covered_lines": 8,
        "num_statements": 8,
        "percent_covered": 100.0,
        "percent_covered_display": "100",
        "missing_lines": 0,
        "excluded_lines": 0
      },
      "missing_lines": [],
      "excluded_lines": []
    },
    "api\\migrations\\__init__.py": {
      "executed_lines": [0],
      "summary": {
        "covered_lines": 0,
        "num_statements": 0,
        "percent_covered": 100.0,
        "percent_covered_display": "100",
        "missing_lines": 0,
        "excluded_lines": 0
      },
      "missing_lines": [],
      "excluded_lines": []
    },
    "api\\models.py": {
      "executed_lines": [
        1, 2, 3, 4, 7, 8, 13, 17, 19, 20, 21, 22, 23, 25, 29, 30, 31, 33, 35,
        37, 40, 42, 43, 44, 45, 47, 49, 53, 54, 55, 56, 57, 58
      ],
      "summary": {
        "covered_lines": 32,
        "num_statements": 36,
        "percent_covered": 88.88888888888889,
        "percent_covered_display": "89",
        "missing_lines": 4,
        "excluded_lines": 0
      },
      "missing_lines": [18, 34, 36, 50],
      "excluded_lines": []
    },
    "api\\serializers.py": {
      "executed_lines": [
        1, 2, 3, 4, 5, 11, 12, 17, 18, 21, 22, 23, 24, 27, 28, 33, 39, 45, 46,
        47, 54, 62, 63, 64, 66, 68, 76, 77, 79, 80, 81, 84, 85, 86, 87, 88, 89,
        92, 93, 94, 95, 96, 97
      ],
      "summary": {
        "covered_lines": 43,
        "num_statements": 44,
        "percent_covered": 97.72727272727273,
        "percent_covered_display": "98",
        "missing_lines": 1,
        "excluded_lines": 0
      },
      "missing_lines": [69],
      "excluded_lines": []
    },
    "api\\signals.py": {
      "executed_lines": [
        1, 3, 4, 5, 6, 8, 11, 12, 13, 16, 23, 24, 25, 28, 29, 30, 37, 38, 39
      ],
      "summary": {
        "covered_lines": 19,
        "num_statements": 19,
        "percent_covered": 100.0,
        "percent_covered_display": "100",
        "missing_lines": 0,
        "excluded_lines": 0
      },
      "missing_lines": [],
      "excluded_lines": []
    },
    "api\\tests\\__init__.py": {
      "executed_lines": [0],
      "summary": {
        "covered_lines": 0,
        "num_statements": 0,
        "percent_covered": 100.0,
        "percent_covered_display": "100",
        "missing_lines": 0,
        "excluded_lines": 0
      },
      "missing_lines": [],
      "excluded_lines": []
    },
    "api\\tests\\test_endpoints.py": {
      "executed_lines": [
        1, 2, 3, 4, 5, 7, 10, 11, 12, 15, 16, 18, 19, 20, 25, 26, 28, 29, 30,
        31, 32, 34, 35, 36, 37, 39, 40, 41, 42, 44, 45, 46, 47, 48, 49, 51, 52,
        53, 54, 55, 57, 58, 59, 60, 62, 63, 64, 65
      ],
      "summary": {
        "covered_lines": 44,
        "num_statements": 47,
        "percent_covered": 93.61702127659575,
        "percent_covered_display": "94",
        "missing_lines": 3,
        "excluded_lines": 0
      },
      "missing_lines": [50, 56, 61],
      "excluded_lines": []
    },
    "api\\tests\\test_models.py": {
      "executed_lines": [
        1, 2, 4, 5, 8, 9, 13, 14, 17, 18, 19, 20, 21, 23, 27, 28, 31, 32, 33,
        34, 35, 38, 39, 43, 46, 48, 52, 55, 56, 58, 62, 65, 66, 67, 68, 70, 74,
        77, 78, 79, 82, 83, 87, 90, 93, 95, 99, 102, 105, 106, 108, 112, 115,
        118, 119, 120, 121, 123, 127, 130, 133, 134, 135
      ],
      "summary": {
        "covered_lines": 63,
        "num_statements": 63,
        "percent_covered": 100.0,
        "percent_covered_display": "100",
        "missing_lines": 0,
        "excluded_lines": 0
      },
      "missing_lines": [],
      "excluded_lines": []
    },
    "api\\tests\\test_serializers.py": {
      "executed_lines": [
        1, 2, 4, 5, 8, 9, 13, 14, 15, 16, 17, 19, 23, 26, 27, 29, 33, 36, 37,
        38, 39, 40, 42, 46, 49, 50, 51, 52, 55, 56, 57, 63, 64, 66, 67, 73, 74,
        75, 77, 78, 79, 85, 86, 87, 90, 105, 109, 112, 113, 114, 116, 120, 123,
        124, 125, 126, 127, 128, 130, 134, 137, 138, 139, 140, 141
      ],
      "summary": {
        "covered_lines": 65,
        "num_statements": 65,
        "percent_covered": 100.0,
        "percent_covered_display": "100",
        "missing_lines": 0,
        "excluded_lines": 0
      },
      "missing_lines": [],
      "excluded_lines": []
    },
    "api\\tests\\test_signals.py": {
      "executed_lines": [
        1, 2, 3, 4, 7, 8, 9, 13, 14, 19, 22, 23, 26, 28, 29, 30, 31, 34, 35, 38,
        39, 42, 44, 45, 46, 47, 49, 50, 55, 56, 59, 62, 63, 66, 68, 69, 70, 71
      ],
      "summary": {
        "covered_lines": 38,
        "num_statements": 38,
        "percent_covered": 100.0,
        "percent_covered_display": "100",
        "missing_lines": 0,
        "excluded_lines": 0
      },
      "missing_lines": [],
      "excluded_lines": []
    },
    "api\\tests\\test_urls.py": {
      "executed_lines": [
        1, 2, 3, 4, 17, 18, 22, 23, 25, 29, 30, 32, 36, 37, 39, 43, 44, 46, 50,
        51, 53, 57, 58, 60, 64, 65, 67, 71, 72, 74, 78, 79, 81, 85, 86
      ],
      "summary": {
        "covered_lines": 35,
        "num_statements": 35,
        "percent_covered": 100.0,
        "percent_covered_display": "100",
        "missing_lines": 0,
        "excluded_lines": 0
      },
      "missing_lines": [],
      "excluded_lines": []
    },
    "api\\urls.py": {
      "executed_lines": [1, 2, 3, 5, 17, 19, 21, 22, 23, 24, 26, 34],
      "summary": {
        "covered_lines": 12,
        "num_statements": 12,
        "percent_covered": 100.0,
        "percent_covered_display": "100",
        "missing_lines": 0,
        "excluded_lines": 0
      },
      "missing_lines": [],
      "excluded_lines": []
    },
    "api\\views.py": {
      "executed_lines": [
        1, 2, 3, 4, 5, 6, 7, 8, 9, 10, 12, 13, 19, 22, 23, 26, 27, 30, 31, 34,
        35, 38, 39, 40, 43, 44, 47, 48, 49, 50, 52, 59, 60, 61, 62, 65, 66, 67,
        68
      ],
      "summary": {
        "covered_lines": 39,
        "num_statements": 43,
        "percent_covered": 90.69767441860465,
        "percent_covered_display": "91",
        "missing_lines": 4,
        "excluded_lines": 0
      },
      "missing_lines": [53, 54, 55, 56],
      "excluded_lines": []
    },
    "backend\\__init__.py": {
      "executed_lines": [0],
      "summary": {
        "covered_lines": 0,
        "num_statements": 0,
        "percent_covered": 100.0,
        "percent_covered_display": "100",
        "missing_lines": 0,
        "excluded_lines": 0
      },
      "missing_lines": [],
      "excluded_lines": []
    },
    "backend\\permissions.py": {
      "executed_lines": [
        1, 2, 5, 6, 7, 8, 9, 10, 14, 15, 16, 17, 18, 19, 23, 24, 25, 26, 27, 28,
        31
      ],
      "summary": {
        "covered_lines": 21,
        "num_statements": 29,
        "percent_covered": 72.41379310344827,
        "percent_covered_display": "72",
        "missing_lines": 8,
        "excluded_lines": 0
      },
      "missing_lines": [11, 20, 29, 32, 33, 34, 35, 36],
      "excluded_lines": []
    },
    "backend\\settings\\__init__.py": {
      "executed_lines": [1],
      "summary": {
        "covered_lines": 1,
        "num_statements": 1,
        "percent_covered": 100.0,
        "percent_covered_display": "100",
        "missing_lines": 0,
        "excluded_lines": 0
      },
      "missing_lines": [],
      "excluded_lines": []
    },
    "backend\\settings\\default.py": {
      "executed_lines": [
        1, 13, 14, 17, 24, 27, 29, 30, 31, 35, 57, 69, 71, 87, 93, 100, 102,
        112, 113, 119, 121, 122, 123, 124, 125, 126, 128, 134, 142, 161, 163,
        165, 167, 174, 180, 181, 183, 184, 189
      ],
      "summary": {
        "covered_lines": 38,
        "num_statements": 38,
        "percent_covered": 100.0,
        "percent_covered_display": "100",
        "missing_lines": 0,
        "excluded_lines": 0
      },
      "missing_lines": [],
      "excluded_lines": []
    },
    "backend\\urls.py": {
      "executed_lines": [1, 18, 19, 20, 21, 23, 29, 30],
      "summary": {
        "covered_lines": 7,
        "num_statements": 7,
        "percent_covered": 100.0,
        "percent_covered_display": "100",
        "missing_lines": 0,
        "excluded_lines": 0
      },
      "missing_lines": [],
      "excluded_lines": []
    },
    "manage.py": {
      "executed_lines": [2, 3, 4, 7, 9, 10, 11, 12, 19, 22, 23],
      "summary": {
        "covered_lines": 11,
        "num_statements": 13,
        "percent_covered": 84.61538461538461,
        "percent_covered_display": "85",
        "missing_lines": 2,
        "excluded_lines": 0
      },
      "missing_lines": [13, 14],
      "excluded_lines": []
    }
  },
  "totals": {
    "covered_lines": 496,
    "num_statements": 518,
    "percent_covered": 95.75289575289575,
    "percent_covered_display": "96",
    "missing_lines": 22,
    "excluded_lines": 0
  }
}
